2025-05-21 00:08:00:80 [31merror[39m: [31mError in getServersToCheck: formatTime is not defined[39m
2025-05-21 00:08:00:80 [31merror[39m: [31mError in checkAllServers: formatTime is not defined[39m
2025-05-21 00:08:00:80 [31merror[39m: [31mError executing job 'checkServers' (3ms): formatTime is not defined[39m
2025-05-21 00:08:00:80 [31merror[39m: [31mError in job checkServers: formatTime is not defined[39m
2025-05-20 19:03:12:312 [31merror[39m: [31mError in job checkServers: getaddrinfo ENOTFOUND ac-whl4gas-shard-00-00.yivtxy9.mongodb.net[39m
2025-05-20 19:03:14:314 [31merror[39m: [31mAuth error: getaddrinfo ENOTFOUND ac-whl4gas-shard-00-00.yivtxy9.mongodb.net[39m
2025-05-20 19:03:17:317 [31merror[39m: [31mError saving cron job record: getaddrinfo ENOTFOUND ac-whl4gas-shard-00-00.yivtxy9.mongodb.net[39m
2025-05-20 19:03:19:319 [31merror[39m: [31mError refreshing token: getaddrinfo ENOTFOUND ac-whl4gas-shard-00-00.yivtxy9.mongodb.net[39m
2025-05-20 19:04:05:45 [31merror[39m: [31mError in job checkServers: getaddrinfo ENOTFOUND ac-whl4gas-shard-00-00.yivtxy9.mongodb.net[39m
2025-05-20 19:04:10:410 [31merror[39m: [31mError saving cron job record: getaddrinfo ENOTFOUND ac-whl4gas-shard-00-00.yivtxy9.mongodb.net[39m
2025-05-20 19:05:05:55 [31merror[39m: [31mError in job checkServers: getaddrinfo ENOTFOUND ac-whl4gas-shard-00-00.yivtxy9.mongodb.net[39m
2025-05-20 19:05:10:510 [31merror[39m: [31mError saving cron job record: getaddrinfo ENOTFOUND ac-whl4gas-shard-00-00.yivtxy9.mongodb.net[39m
2025-05-20 19:06:05:65 [31merror[39m: [31mError in job checkServers: getaddrinfo ENOTFOUND ac-whl4gas-shard-00-00.yivtxy9.mongodb.net[39m
2025-05-20 19:06:10:610 [31merror[39m: [31mError saving cron job record: getaddrinfo ENOTFOUND ac-whl4gas-shard-00-00.yivtxy9.mongodb.net[39m
2025-05-20 19:11:01:111 [31merror[39m: [31mError checking server 6829ed28b7394cdebd69af33: Server validation failed: timezone: moment is not defined[39m
2025-05-20 19:11:01:111 [31merror[39m: [31mError checking server 682a075e8fe4961312838fbb: Server validation failed: timezone: moment is not defined[39m
2025-05-20 19:11:01:111 [31merror[39m: [31mError checking server 682a07e28fe4961312838fe9: Server validation failed: timezone: moment is not defined[39m
2025-05-20 19:12:01:121 [31merror[39m: [31mError checking server 682a075e8fe4961312838fbb: Server validation failed: timezone: moment is not defined[39m
2025-05-20 19:12:01:121 [31merror[39m: [31mError checking server 6829ed28b7394cdebd69af33: Server validation failed: timezone: moment is not defined[39m
2025-05-20 19:12:01:121 [31merror[39m: [31mError checking server 682a07e28fe4961312838fe9: Server validation failed: timezone: moment is not defined[39m
2025-05-20 19:20:01:201 [31merror[39m: [31mError checking server 682a075e8fe4961312838fbb: server.save is not a function[39m
2025-05-20 19:20:01:201 [31merror[39m: [31mError checking server 6829ed28b7394cdebd69af33: server.save is not a function[39m
2025-05-20 19:20:01:201 [31merror[39m: [31mError checking server 682a07e28fe4961312838fe9: server.save is not a function[39m
2025-05-20 19:21:01:211 [31merror[39m: [31mError checking server 682a075e8fe4961312838fbb: server.save is not a function[39m
2025-05-20 19:21:01:211 [31merror[39m: [31mError checking server 6829ed28b7394cdebd69af33: server.save is not a function[39m
2025-05-20 19:21:01:211 [31merror[39m: [31mError checking server 682a07e28fe4961312838fe9: server.save is not a function[39m
2025-05-20 19:22:01:221 [31merror[39m: [31mError checking server 682a075e8fe4961312838fbb: server.save is not a function[39m
2025-05-20 19:22:01:221 [31merror[39m: [31mError checking server 6829ed28b7394cdebd69af33: server.save is not a function[39m
2025-05-20 19:22:01:221 [31merror[39m: [31mError checking server 682a07e28fe4961312838fe9: server.save is not a function[39m
2025-05-20 19:47:00:470 [31merror[39m: [31mError checking server 682cdbfa27eb0af5637efcab: server.save is not a function[39m
2025-05-20 19:48:00:480 [31merror[39m: [31mError checking server 682cdbfa27eb0af5637efcab: server.save is not a function[39m
2025-05-20 19:49:01:491 [31merror[39m: [31mError checking server 682cdbfa27eb0af5637efcab: server.save is not a function[39m
2025-05-20 20:59:01:591 [31merror[39m: [31mError recording check history for server 682cdbfa27eb0af5637efcab: now is not defined[39m
2025-05-20 20:59:01:591 [31merror[39m: [31mError recording check history for server 682cdfa486bc8f9d1a1beba0: now is not defined[39m
2025-05-20 21:04:00:40 [31merror[39m: [31mError recording check history for server 682cdbfa27eb0af5637efcab: now is not defined[39m
2025-05-20 21:04:01:41 [31merror[39m: [31mError recording check history for server 682cdfa486bc8f9d1a1beba0: now is not defined[39m
2025-05-20 21:05:01:51 [31merror[39m: [31mError recording check history for server 682cdbfa27eb0af5637efcab: now is not defined[39m
2025-05-20 21:05:01:51 [31merror[39m: [31mError recording check history for server 682cdfa486bc8f9d1a1beba0: now is not defined[39m
2025-05-20 21:06:01:61 [31merror[39m: [31mError recording check history for server 682cdbfa27eb0af5637efcab: now is not defined[39m
2025-05-20 21:06:01:61 [31merror[39m: [31mError recording check history for server 682cdfa486bc8f9d1a1beba0: now is not defined[39m
2025-05-24 08:41:17:4117 [31merror[39m: [31mError getting cleanup recommendations: Cannot read properties of undefined (reading 'stats')[39m
2025-05-24 08:41:42:4142 [31merror[39m: [31mError during graceful shutdown: jobQueue.stop is not a function[39m
2025-05-24 08:41:46:4146 [31merror[39m: [31mError getting cleanup recommendations: Cannot read properties of undefined (reading 'stats')[39m
2025-05-24 08:43:10:4310 [31merror[39m: [31mError during graceful shutdown: jobQueue.stop is not a function[39m
2025-05-24 08:43:18:4318 [31merror[39m: [31mError getting cleanup recommendations: Cannot read properties of undefined (reading 'stats')[39m
2025-05-24 08:44:08:448 [31merror[39m: [31mError during graceful shutdown: jobQueue.stop is not a function[39m
2025-05-24 08:44:17:4417 [31merror[39m: [31mError getting cleanup recommendations: Cannot read properties of undefined (reading 'stats')[39m
2025-05-24 08:45:07:457 [31merror[39m: [31mError during graceful shutdown: jobQueue.stop is not a function[39m
2025-05-24 08:46:36:4636 [31merror[39m: [31mError getting cleanup recommendations: Cannot read properties of undefined (reading 'stats')[39m
2025-05-24 08:49:03:493 [31merror[39m: [31mError getting cleanup recommendations: Cannot read properties of undefined (reading 'stats')[39m
2025-05-24 08:49:37:4937 [31merror[39m: [31mError getting cleanup recommendations: Cannot read properties of undefined (reading 'stats')[39m
